Бот запущен
Произошла ошибка
Бот запущен
Произошла ошибка
Бот запущен
Бот запущен
Бот запущен
Произошла ошибка
Бот запущен
Бот запущен
Произошла ошибка
Бот запущен
Бот запущен
Бот запущен
Бот запущен
Бот запущен
Бот запущен
Бот запущен
Бот запущен
Бот запущен
Бот запущен
Бот запущен
Бот запущен
Подключение к БД
Бот запущен
Подключение к БД
Бот запущен
Подключение к БД
Бот запущен
Подключение к БД
Подключение к БД
Бот запущен
Подключение к БД
Подключение к БД
Подключение к БД
Ошибка при получении ключа из БД: cannot unpack non-iterable NoneType object
Бот запущен
Подключение к БД
Подключение к БД
Подключение к БД
Ошибка при получении ключа из БД: cannot unpack non-iterable NoneType object
Бот запущен
Подключение к БД
Подключение к БД
Подключение к БД
Ошибка при получении ключа из БД: cannot unpack non-iterable NoneType object
Бот запущен
Подключение к БД
Подключение к БД
Подключение к БД
Ошибка при получении ключа из БД: cannot unpack non-iterable NoneType object
Бот запущен
Подключение к БД
Подключение к БД
Подключение к БД
Бот запущен
Подключение к БД
Подключение к БД
Подключение к БД
Бот запущен
Подключение к БД
Подключение к БД
Подключение к БД
Бот запущен
Подключение к БД
Подключение к БД
Подключение к БД
Подключение к БД
Подключение к БД
Бот запущен
Подключение к БД
Подключение к БД
Подключение к БД
Ошибка при получении ключа из БД id пользователя: cannot unpack non-iterable NoneType object
Бот запущен
Подключение к БД
Подключение к БД
Подключение к БД
Ошибка при получении ключа из БД id пользователя: 12 cannot unpack non-iterable NoneType object
Подключение к БД
Ошибка при получении ключа из БД id пользователя: 12 cannot unpack non-iterable NoneType object
Бот запущен
Подключение к БД
Подключение к БД
Подключение к БД
Подключение к БД
Подключение к БД
Подключение к БД
Бот запущен
Подключение к БД
Подключение к БД
Подключение к БД
Подключение к БД
Бот запущен
Подключение к БД
Подключение к БД
Бот запущен
Подключение к БД
Подключение к БД
Подключение к БД
Подключение к БД
Подключение к БД
Подключение к БД
Подключение к БД
Бот запущен
Подключение к БД
Подключение к БД
Подключение к БД
Подключение к БД
Бот запущен
Подключение к БД
Подключение к БД
Подключение к БД
Подключение к БД
Бот запущен
Подключение к БД
Подключение к БД
Подключение к БД
Бот запущен 2023-06-17 20:59:42.806525
Подключение к БД 2023-06-17 20:59:43.981331
Подключение к БД 2023-06-17 20:59:43.995034
Бот запущен 2023-06-17 21:02:11.839637
Подключение к БД 2023-06-17 21:02:12.788996
Подключение к БД 2023-06-17 21:02:12.801644
Подключение к БД
Подключение к БД
Бот запущен 2023-06-17 21:05:05.626660
Подключение к БД 2023-06-17 21:05:06.649861
Подключение к БД 2023-06-17 21:05:06.662760
Бот запущен 2023-06-17 22:40:15.126850
Подключение к БД 2023-06-17 22:40:17.146969
Подключение к БД 2023-06-17 22:40:52.334545
Подключение к БД 2023-06-17 22:40:52.360320
Подключение к БД 2023-06-17 22:40:52.371137
Подключение к БД
Бот запущен 2023-06-17 22:41:47.545463
Подключение к БД 2023-06-17 22:41:50.048966
Подключение к БД 2023-06-17 22:41:50.060840
Подключение к БД 2023-06-17 22:41:50.070526
Бот запущен 2023-06-17 23:14:42.671444
Подключение к БД 2023-06-17 23:14:46.873256
Подключение к БД 2023-06-17 23:14:46.890126
Подключение к БД 2023-06-17 23:14:46.902573
Бот запущен 2023-06-17 23:16:47.850950
Подключение к БД 2023-06-17 23:16:50.117397
Подключение к БД 2023-06-17 23:16:50.131360
Подключение к БД 2023-06-17 23:16:50.143857
Бот запущен 2023-06-18 00:29:21.234198
DB_CONNECT
DB_CONNECT
DB_CONNECT
DB_CONNECT
DB_CONNECT
DB_CONNECT
DB_CONNECT
DB_CONNECT
DB_CONNECT
DB_CONNECT
DB_CONNECT
DB_CONNECT
DB_CONNECT
DB_CONNECT
DB_CONNECT
DB_CONNECT
DB_CONNECT
DB_CONNECT
Подключение к БД
Бот запущен 2023-06-20 19:25:34.832549
DB_CONNECT
DB_CONNECT
DB_CONNECT
Подключение к БД
Подключение к БД
Подключение к БД
Подключение к БД
Подключение к БД
Бот запущен 2023-06-20 19:29:22.871543
DB_CONNECT
DB_CONNECT
DB_CONNECT
Подключение к БД
Подключение к БД
Подключение к БД
Подключение к БД
Бот запущен 2023-06-20 19:44:27.841822
DB_CONNECT
DB_CONNECT
DB_CONNECT
Бот запущен 2023-06-20 19:45:07.673702
DB_CONNECT
DB_CONNECT
DB_CONNECT
Подключение к БД
Подключение к БД
Подключение к БД
Подключение к БД
Подключение к БД
Подключение к БД
Бот запущен 2023-06-20 19:59:33.560259
DB_CONNECT
DB_CONNECT
DB_CONNECT
Бот запущен 2023-06-20 20:03:30.774819
DB_CONNECT
DB_CONNECT
DB_CONNECT
DB_CONNECT
DB_CONNECT
Подключение к БД
Бот запущен 2023-06-20 20:14:42.761525
DB_CONNECT
DB_CONNECT
DB_CONNECT
Бот запущен 2023-06-20 20:16:05.518211
DB_CONNECT
DB_CONNECT
DB_CONNECT
Бот запущен 2023-06-20 20:20:14.999876
DB_CONNECT
DB_CONNECT
DB_CONNECT
DB_CONNECT
Бот запущен 2023-06-20 20:22:02.770554
DB_CONNECT
DB_CONNECT
DB_CONNECT
Бот запущен 2023-06-20 20:28:40.171553
DB_CONNECT
DB_CONNECT
DB_CONNECT
DB_CONNECT
DB_CONNECT
DB_CONNECT
DB_CONNECT
DB_CONNECT
DB_CONNECT
Бот запущен 2023-06-20 20:42:35.448175
DB_CONNECT
DB_CONNECT
Бот запущен 2023-06-20 20:42:51.164180
DB_CONNECT
DB_CONNECT
Бот запущен 2023-06-20 20:45:31.643630
DB_CONNECT
DB_CONNECT
Бот запущен 2023-06-20 20:46:09.700061
DB_CONNECT
DB_CONNECT
Бот запущен 2023-06-20 22:46:26.916661
DB_CONNECT
DB_CONNECT
Бот запущен 2023-06-20 22:47:32.095672
DB_CONNECT
DB_CONNECT
Бот запущен 2023-06-20 22:50:28.684534
DB_CONNECT
DB_CONNECT
Бот запущен 2023-06-20 22:51:28.220123
DB_CONNECT
DB_CONNECT
Бот запущен 2023-06-20 22:53:26.765566
DB_CONNECT
DB_CONNECT
DB_CONNECT
DB_CONNECT
DB_CONNECT
DB_CONNECT
DB_CONNECT
DB_CONNECT
DB_CONNECT
DB_CONNECT
DB_CONNECT
DB_CONNECT
Бот запущен 2023-06-20 22:59:45.018562
DB_CONNECT
DB_CONNECT
Бот запущен 2023-06-20 23:02:28.383848
DB_CONNECT
DB_CONNECT
Бот запущен 2023-06-20 23:04:38.069312
DB_CONNECT
DB_CONNECT
DB_CONNECT
Бот запущен 2023-06-20 23:07:25.285952
DB_CONNECT
DB_CONNECT
DB_CONNECT
DB_CONNECT
DB_CONNECT
DB_CONNECT
DB_CONNECT
DB_CONNECT
DB_CONNECT
DB_CONNECT
DB_CONNECT
DB_CONNECT
DB_CONNECT
DB_CONNECT
DB_CONNECT
Бот запущен 2023-06-20 23:10:58.174037
DB_CONNECT
DB_CONNECT
DB_CONNECT
Бот запущен 2023-06-20 23:11:03.144236
DB_CONNECT
DB_CONNECT
DB_CONNECT
Бот запущен 2023-06-20 23:12:55.701134
DB_CONNECT
DB_CONNECT
DB_CONNECT
Бот запущен 2023-06-20 23:16:54.730154
DB_CONNECT
DB_CONNECT
DB_CONNECT
DB_CONNECT
DB_CONNECT
DB_CONNECT
Подключение к БД
Бот запущен 2023-06-20 23:56:58.277936
DB_CONNECT
DB_CONNECT
DB_CONNECT
DB_CONNECT
DB_CONNECT
DB_CONNECT
DB_CONNECT
DB_CONNECT
DB_CONNECT
DB_CONNECT
DB_CONNECT
DB_CONNECT
Бот запущен 2023-06-21 00:16:13.889773
DB_CONNECT
DB_CONNECT
DB_CONNECT
DB_CONNECT
DB_CONNECT
DB_CONNECT
Бот запущен 2023-06-21 13:50:08.126060
DB_CONNECT
DB_CONNECT
DB_CONNECT
DB_CONNECT
DB_CONNECT
DB_CONNECT
Бот запущен 2023-06-21 13:57:18.183422
DB_CONNECT
DB_CONNECT
DB_CONNECT
Бот запущен 2023-06-21 13:58:31.699876
DB_CONNECT
DB_CONNECT
DB_CONNECT
Подключение к БД
Подключение к БД
Подключение к БД
Подключение к БД
Подключение к БД
Бот запущен 2023-06-21 14:02:46.546860
DB_CONNECT
DB_CONNECT
DB_CONNECT
Подключение к БД
Бот запущен 2023-06-21 14:09:42.931531
DB_CONNECT
DB_CONNECT
DB_CONNECT
Бот запущен 2023-06-21 14:10:07.640099
DB_CONNECT
DB_CONNECT
DB_CONNECT
Бот запущен 2023-06-21 14:11:21.351088
DB_CONNECT
DB_CONNECT
DB_CONNECT
Бот запущен 2023-06-21 14:12:05.004209
DB_CONNECT
DB_CONNECT
DB_CONNECT
Бот запущен 2023-06-21 14:12:43.825541
DB_CONNECT
DB_CONNECT
DB_CONNECT
Подключение к БД
Бот запущен 2023-06-21 14:22:51.521564
DB_CONNECT
DB_CONNECT
DB_CONNECT
DB_CONNECT
DB_CONNECT
DB_CONNECT
Бот запущен 2023-06-21 15:15:25.345017
DB_CONNECT
DB_CONNECT
DB_CONNECT
Бот запущен 2023-06-21 15:16:06.466274
DB_CONNECT
DB_CONNECT
DB_CONNECT
Бот запущен 2023-06-21 15:26:24.304062
DB_CONNECT
DB_CONNECT
DB_CONNECT
DB_CONNECT
DB_CONNECT
DB_CONNECT
DB_CONNECT
DB_CONNECT
DB_CONNECT
Бот запущен 2023-06-21 15:29:12.148093
DB_CONNECT
DB_CONNECT
DB_CONNECT
Бот запущен 2023-06-21 15:31:20.089458
DB_CONNECT
DB_CONNECT
DB_CONNECT
Бот запущен 2023-06-21 15:32:26.265429
DB_CONNECT
DB_CONNECT
DB_CONNECT
Бот запущен 2023-06-21 15:34:36.718542
DB_CONNECT
DB_CONNECT
DB_CONNECT
Бот запущен 2023-06-21 15:47:25.482384
DB_CONNECT
DB_CONNECT
DB_CONNECT
DB_CONNECT
Бот запущен 2023-06-21 15:49:44.080140
DB_CONNECT
DB_CONNECT
DB_CONNECT
DB_CONNECT
Бот запущен 2023-06-21 15:50:28.358646
DB_CONNECT
DB_CONNECT
DB_CONNECT
DB_CONNECT
DB_CONNECT
DB_CONNECT
DB_CONNECT
DB_CONNECT
DB_CONNECT
DB_CONNECT
DB_CONNECT
DB_CONNECT
DB_CONNECT
DB_CONNECT
DB_CONNECT
DB_CONNECT
DB_CONNECT
DB_CONNECT
DB_CONNECT
DB_CONNECT
DB_CONNECT
DB_CONNECT
DB_CONNECT
DB_CONNECT
DB_CONNECT
DB_CONNECT
DB_CONNECT
DB_CONNECT
DB_CONNECT
DB_CONNECT
DB_CONNECT
DB_CONNECT
Подключение к БД
Бот запущен 2023-06-21 16:27:39.517832
DB_CONNECT
DB_CONNECT
DB_CONNECT
DB_CONNECT
Бот запущен 2023-06-21 16:34:25.545177
DB_CONNECT
DB_CONNECT
DB_CONNECT
DB_CONNECT
Бот запущен 2023-06-21 16:37:26.404986
DB_CONNECT
DB_CONNECT
DB_CONNECT
DB_CONNECT
Подключение к БД
Подключение к БД
Бот запущен 2023-06-21 16:39:54.864429
DB_CONNECT
DB_CONNECT
DB_CONNECT
DB_CONNECT
Бот запущен 2023-06-21 16:40:32.053122
DB_CONNECT
DB_CONNECT
DB_CONNECT
DB_CONNECT
DB_CONNECT
Подключение к БД
Бот запущен 2023-06-21 18:05:50.956118
DB_CONNECT
DB_CONNECT
DB_CONNECT
DB_CONNECT
ключ - 220 удален успешно
Удаление ключей [194]  из базы user_keys данных прошло успешно 2023-06-21 18:05:53.608038
Удаление ключей [194] из базы outline_keys данных прошло успешно2023-06-21 18:05:53.609244
Подключение к БД
Бот запущен 2023-06-21 18:09:51.312005
DB_CONNECT
DB_CONNECT
DB_CONNECT
DB_CONNECT
ключ - 222 удален успешно
Удаление ключей [196]  из базы user_keys данных прошло успешно 2023-06-21 18:09:54.519983
Удаление ключей [196] из базы outline_keys данных прошло успешно2023-06-21 18:09:54.522451
Подключение к БД
Куплен неиспользуемы ключ id : 198 для пользователя: 17 2023-06-21 18:10:04.618459
Бот запущен 2023-06-21 18:10:23.955840
DB_CONNECT
DB_CONNECT
DB_CONNECT
DB_CONNECT
ключ - 224 удален успешно
Удаление ключей [198]  из базы user_keys данных прошло успешно 2023-06-21 18:10:26.534107
Удаление ключей [198] из базы outline_keys данных прошло успешно2023-06-21 18:10:26.534935
Подключение к БД
Куплен неиспользуемы ключ id : 200 для пользователя: 17, 2023-06-21 18:10:58.537814
Бот запущен 2023-06-21 18:29:19.243735
DB_CONNECT
DB_CONNECT
DB_CONNECT
DB_CONNECT
ключ - 226 удален успешно
Удаление ключей [200]  из базы user_keys данных прошло успешно, 2023-06-21 18:29:42.227564
Удаление ключей [200] из базы outline_keys данных прошло успешно, 2023-06-21 18:29:42.228446
DB_CONNECT
DB_CONNECT
DB_CONNECT
DB_CONNECT
Бот запущен 2023-06-21 23:46:05.671377
DB_CONNECT
DB_CONNECT
DB_CONNECT
DB_CONNECT
Бот запущен 2023-06-22 00:54:04.642672
DB_CONNECT
DB_CONNECT
DB_CONNECT
DB_CONNECT
ключ - 182 удален успешно
ключ - 186 удален успешно
ключ - 190 удален успешно
ключ - 192 удален успешно
Удаление ключей [156, 160, 164, 166]  из базы user_keys данных прошло успешно, 2023-06-22 00:54:08.765784
Удаление ключей [156, 160, 164, 166] из базы outline_keys данных прошло успешно, 2023-06-22 00:54:08.767144
Бот запущен 2023-06-22 01:21:55.458267
DB_CONNECT
DB_CONNECT
DB_CONNECT
DB_CONNECT
DB_CONNECT
Бот запущен 2023-06-22 01:22:16.677419
DB_CONNECT
DB_CONNECT
DB_CONNECT
DB_CONNECT
DB_CONNECT
Бот запущен 2023-06-22 01:23:57.885981
DB_CONNECT
DB_CONNECT
DB_CONNECT
DB_CONNECT
DB_CONNECT
Бот запущен 2023-06-22 01:25:59.358136
DB_CONNECT
DB_CONNECT
DB_CONNECT
DB_CONNECT
DB_CONNECT
Бот запущен 2023-06-22 01:27:10.307971
DB_CONNECT
DB_CONNECT
DB_CONNECT
DB_CONNECT
DB_CONNECT
Бот запущен 2023-06-22 01:37:02.734373
DB_CONNECT
DB_CONNECT
DB_CONNECT
DB_CONNECT
DB_CONNECT
Подключение к БД
Куплен неиспользуемы ключ id : 202 для пользователя: 16, 2023-06-22 01:37:14.365607
Бот запущен 2023-06-22 01:47:22.079645
DB_CONNECT
DB_CONNECT
DB_CONNECT
DB_CONNECT
DB_CONNECT
ключ - 228 удален успешно
Удаление ключей [202]  из базы user_keys данных прошло успешно, 2023-06-22 01:47:35.958401
Удаление ключей [202] из базы outline_keys данных прошло успешно, 2023-06-22 01:47:35.959847
DB_CONNECT
Куплен неиспользуемы ключ id : 204 для пользователя: 17, 2023-06-22 01:47:40.411730
Бот запущен 2023-06-22 16:18:33.474709
DB_CONNECT
DB_CONNECT
DB_CONNECT
DB_CONNECT
DB_CONNECT
ключ - 230 удален успешно
Удаление ключей [204]  из базы user_keys данных прошло успешно, 2023-06-22 16:19:33.515331
Удаление ключей [204] из базы outline_keys данных прошло успешно, 2023-06-22 16:19:33.517075
Бот запущен 2023-06-22 16:22:47.724032
DB_CONNECT
DB_CONNECT
DB_CONNECT
DB_CONNECT
DB_CONNECT
Бот запущен 2023-06-22 16:25:51.492730
DB_CONNECT
DB_CONNECT
DB_CONNECT
DB_CONNECT
DB_CONNECT
Бот запущен 2023-06-22 16:26:36.113783
DB_CONNECT
DB_CONNECT
DB_CONNECT
DB_CONNECT
DB_CONNECT
Бот запущен 2023-06-22 16:32:13.886621
DB_CONNECT
DB_CONNECT
DB_CONNECT
DB_CONNECT
DB_CONNECT
Бот запущен 2023-06-22 16:33:07.676262
DB_CONNECT
DB_CONNECT
DB_CONNECT
DB_CONNECT
DB_CONNECT
DB_CONNECT
Куплен неиспользуемы ключ id : 205 для пользователя: 17, 2023-06-22 16:33:22.183303
DB_CONNECT
Куплен неиспользуемы ключ id : 206 для пользователя: 17, 2023-06-22 16:33:24.215891
DB_CONNECT
Куплен неиспользуемы ключ id : 207 для пользователя: 17, 2023-06-22 16:33:25.600379
DB_CONNECT
Куплен неиспользуемы ключ id : 208 для пользователя: 17, 2023-06-22 16:33:28.563294
DB_CONNECT
Куплен неиспользуемы ключ id : 212 для пользователя: 17, 2023-06-22 16:33:30.014564
DB_CONNECT
Куплен неиспользуемы ключ id : 214 для пользователя: 17, 2023-06-22 16:33:31.777733
DB_CONNECT
DB_CONNECT
Бот запущен 2023-06-22 16:34:06.767982
DB_CONNECT
DB_CONNECT
DB_CONNECT
DB_CONNECT
DB_CONNECT
DB_CONNECT
Бот запущен 2023-06-22 16:35:23.627653
DB_CONNECT
DB_CONNECT
DB_CONNECT
DB_CONNECT
DB_CONNECT
DB_CONNECT
DB_CONNECT
DB_CONNECT
Куплен неиспользуемы ключ id : 215 для пользователя: 17, 2023-06-22 16:39:13.106218
DB_CONNECT
Куплен неиспользуемы ключ id : 216 для пользователя: 17, 2023-06-22 16:39:19.861179
DB_CONNECT
Куплен неиспользуемы ключ id : 169 для пользователя: 17, 2023-06-22 16:39:24.239698
Бот запущен 2023-06-22 16:51:32.722146
DB_CONNECT
DB_CONNECT
DB_CONNECT
DB_CONNECT
DB_CONNECT
DB_CONNECT
DB_CONNECT
Бот запущен 2023-06-22 16:53:25.159133
DB_CONNECT
DB_CONNECT
DB_CONNECT
DB_CONNECT
DB_CONNECT
DB_CONNECT
DB_CONNECT
DB_CONNECT
DB_CONNECT
DB_CONNECT
DB_CONNECT
DB_CONNECT
Бот запущен 2023-06-22 17:04:46.481191
DB_CONNECT
DB_CONNECT
DB_CONNECT
DB_CONNECT
DB_CONNECT
DB_CONNECT
Бот запущен 2023-06-22 17:05:46.291699
DB_CONNECT
DB_CONNECT
DB_CONNECT
DB_CONNECT
DB_CONNECT
DB_CONNECT
DB_CONNECT
Куплен неиспользуемы ключ id : 217 для пользователя: 17, 2023-06-22 17:05:56.061926
DB_CONNECT
Куплен неиспользуемы ключ id : 170 для пользователя: 17, 2023-06-22 17:06:05.433548
DB_CONNECT
Куплен неиспользуемы ключ id : 171 для пользователя: 17, 2023-06-22 17:06:11.242465
Бот запущен 2023-06-22 17:07:21.468241
DB_CONNECT
DB_CONNECT
DB_CONNECT
DB_CONNECT
DB_CONNECT
DB_CONNECT
DB_CONNECT
Куплен неиспользуемы ключ id : 218 для пользователя: 17, 2023-06-22 17:07:28.413948
DB_CONNECT
Куплен неиспользуемы ключ id : 172 для пользователя: 17, 2023-06-22 17:07:33.076285
Бот запущен 2023-06-22 17:13:05.598216
DB_CONNECT
DB_CONNECT
DB_CONNECT
DB_CONNECT
DB_CONNECT
DB_CONNECT
DB_CONNECT
DB_CONNECT
DB_CONNECT
DB_CONNECT
DB_CONNECT
DB_CONNECT
DB_CONNECT
DB_CONNECT
DB_CONNECT
DB_CONNECT
Куплен неиспользуемы ключ id : 173 для пользователя: 17, 2023-06-22 17:14:15.998259
DB_CONNECT
Куплен неиспользуемы ключ id : 174 для пользователя: 17, 2023-06-22 17:14:28.850160
Бот запущен 2023-06-22 17:17:18.634784
DB_CONNECT
DB_CONNECT
DB_CONNECT
DB_CONNECT
DB_CONNECT
DB_CONNECT
Бот запущен 2023-06-22 17:17:55.214164
DB_CONNECT
DB_CONNECT
DB_CONNECT
DB_CONNECT
DB_CONNECT
DB_CONNECT
Бот запущен 2023-06-22 17:18:10.357945
DB_CONNECT
DB_CONNECT
DB_CONNECT
DB_CONNECT
DB_CONNECT
DB_CONNECT
Бот запущен 2023-06-22 17:18:42.405371
DB_CONNECT
DB_CONNECT
DB_CONNECT
DB_CONNECT
DB_CONNECT
DB_CONNECT
DB_CONNECT
Куплен неиспользуемы ключ id : 175 для пользователя: 17, 2023-06-22 17:19:16.841570
DB_CONNECT
Куплен неиспользуемы ключ id : 176 для пользователя: 17, 2023-06-22 17:19:21.143441
Бот запущен 2023-06-23 14:00:31.851949
DB_CONNECT
DB_CONNECT
DB_CONNECT
DB_CONNECT
DB_CONNECT
DB_CONNECT
ключ - 183 удален успешно
ключ - 187 удален успешно
ключ - 233 удален успешно
ключ - 234 удален успешно
ключ - 242 удален успешно
ключ - 244 удален успешно
Удаление ключей [157, 161, 207, 208, 216, 218]  из базы user_keys данных прошло успешно, 2023-06-23 14:00:37.727712
Удаление ключей [157, 161, 207, 208, 216, 218] из базы outline_keys данных прошло успешно, 2023-06-23 14:00:37.729359
Бот запущен 2023-06-23 14:02:07.165028
DB_CONNECT
DB_CONNECT
DB_CONNECT
DB_CONNECT
DB_CONNECT
DB_CONNECT
Бот запущен 2023-06-23 14:02:43.800124
DB_CONNECT
DB_CONNECT
DB_CONNECT
DB_CONNECT
DB_CONNECT
DB_CONNECT
DB_CONNECT
DB_CONNECT
DB_CONNECT
DB_CONNECT
Куплен неиспользуемы ключ id : 219 для пользователя: 17, 2023-06-23 14:06:36.624459
Бот запущен 2023-06-23 14:08:11.195152
DB_CONNECT
DB_CONNECT
DB_CONNECT
DB_CONNECT
DB_CONNECT
DB_CONNECT
DB_CONNECT
DB_CONNECT
DB_CONNECT
DB_CONNECT
DB_CONNECT
DB_CONNECT
DB_CONNECT
DB_CONNECT
DB_CONNECT
DB_CONNECT
DB_CONNECT
DB_CONNECT
Бот запущен 2023-06-23 14:11:03.680958
DB_CONNECT
DB_CONNECT
DB_CONNECT
DB_CONNECT
DB_CONNECT
DB_CONNECT
DB_CONNECT
Куплен неиспользуемы ключ id : 220 для пользователя: 17, 2023-06-23 14:11:26.855246
Бот запущен 2023-06-23 14:12:43.778428
DB_CONNECT
DB_CONNECT
DB_CONNECT
DB_CONNECT
DB_CONNECT
DB_CONNECT
DB_CONNECT
DB_CONNECT
DB_CONNECT
Бот запущен 2023-06-23 14:22:00.473617
DB_CONNECT
DB_CONNECT
DB_CONNECT
DB_CONNECT
DB_CONNECT
DB_CONNECT
Бот запущен 2023-06-23 14:55:50.034066
DB_CONNECT
DB_CONNECT
DB_CONNECT
DB_CONNECT
DB_CONNECT
DB_CONNECT
DB_CONNECT
DB_CONNECT
DB_CONNECT
DB_CONNECT
DB_CONNECT
DB_CONNECT
Бот запущен 2023-06-23 15:09:40.720042
DB_CONNECT
DB_CONNECT
DB_CONNECT
DB_CONNECT
DB_CONNECT
DB_CONNECT
Бот запущен 2023-06-23 15:12:03.241580
DB_CONNECT
DB_CONNECT
DB_CONNECT
DB_CONNECT
DB_CONNECT
DB_CONNECT
Покупка на сумму 200 прошла успешно, время покупки : 2023-06-23 15:12:15.856482, пользователь - 502811372
Покупка на сумму 200 прошла успешно, время покупки : 2023-06-23 15:18:20.274966, пользователь - 502811372
Покупка на сумму 350 прошла успешно, время покупки : 2023-06-23 15:22:47.982065, пользователь - 502811372
Бот запущен 2023-06-23 15:37:56.177917
DB_CONNECT
DB_CONNECT
DB_CONNECT
DB_CONNECT
DB_CONNECT
DB_CONNECT
DB_CONNECT
DB_CONNECT
Куплен неиспользуемы ключ id : 221 для пользователя: 16, 2023-06-23 15:38:20.782613
Покупка на сумму 200 прошла успешно, время покупки : 2023-06-23 15:38:20.801809, пользователь - 502811372
Бот запущен 2023-06-23 15:39:49.048842
DB_CONNECT
DB_CONNECT
DB_CONNECT
DB_CONNECT
DB_CONNECT
DB_CONNECT
DB_CONNECT
Куплен неиспользуемы ключ id : 222 для пользователя: 16, 2023-06-23 15:40:31.181264
Покупка на сумму 900 прошла успешно, время покупки : 2023-06-23 15:40:31.185082, пользователь - 502811372
Бот запущен 2023-06-23 15:43:45.439957
DB_CONNECT
DB_CONNECT
DB_CONNECT
DB_CONNECT
DB_CONNECT
DB_CONNECT
DB_CONNECT
DB_CONNECT
DB_CONNECT
DB_CONNECT
DB_CONNECT
DB_CONNECT
DB_CONNECT
DB_CONNECT
DB_CONNECT
DB_CONNECT
DB_CONNECT
DB_CONNECT
DB_CONNECT
DB_CONNECT
DB_CONNECT
DB_CONNECT
Куплен неиспользуемы ключ id : 223 для пользователя: 16, 2023-06-23 15:47:06.841661
Покупка на сумму 200 прошла успешно, время покупки : 2023-06-23 15:47:06.851757, пользователь - 502811372
DB_CONNECT
Куплен неиспользуемы ключ id : 224 для пользователя: 16, 2023-06-23 15:47:52.972748
Покупка на сумму 200 прошла успешно, время покупки : 2023-06-23 15:47:52.979250, пользователь - 502811372
DB_CONNECT
Куплен неиспользуемы ключ id : 225 для пользователя: 16, 2023-06-23 15:48:06.123597
Покупка на сумму 200 прошла успешно, время покупки : 2023-06-23 15:48:06.132491, пользователь - 502811372
DB_CONNECT
Куплен неиспользуемы ключ id : 285 для пользователя: 16, 2023-06-23 15:53:58.185541
Покупка на сумму 500 прошла успешно, время покупки : 2023-06-23 15:53:58.194079, пользователь - 502811372
DB_CONNECT
Куплен неиспользуемы ключ id : 286 для пользователя: 16, 2023-06-23 15:54:15.212304
Покупка на сумму 200 прошла успешно, время покупки : 2023-06-23 15:54:15.221033, пользователь - 502811372
Бот запущен 2023-06-23 15:55:09.679286
DB_CONNECT
DB_CONNECT
DB_CONNECT
DB_CONNECT
DB_CONNECT
DB_CONNECT
DB_CONNECT
Куплен неиспользуемы ключ id : 287 для пользователя: 16, 2023-06-23 15:55:21.970012
Покупка на сумму 200 прошла успешно, время покупки : 2023-06-23 15:55:21.975497, пользователь - 502811372
Бот запущен 2023-06-23 15:57:10.638689
DB_CONNECT
DB_CONNECT
DB_CONNECT
DB_CONNECT
DB_CONNECT
DB_CONNECT
DB_CONNECT
Куплен неиспользуемы ключ id : 325 для пользователя: 16, 2023-06-23 15:57:22.269891
Покупка на сумму 200 прошла успешно, время покупки : 2023-06-23 15:57:22.282570, пользователь - 502811372
DB_CONNECT
Куплен неиспользуемы ключ id : 326 для пользователя: 16, 2023-06-23 15:57:31.960235
Покупка на сумму 200 прошла успешно, время покупки : 2023-06-23 15:57:31.964854, пользователь - 502811372
DB_CONNECT
Куплен неиспользуемы ключ id : 327 для пользователя: 16, 2023-06-23 15:57:47.231189
Покупка на сумму 500 прошла успешно, время покупки : 2023-06-23 15:57:47.238426, пользователь - 502811372
DB_CONNECT
Куплен неиспользуемы ключ id : 328 для пользователя: 16, 2023-06-23 15:58:08.481160
Покупка на сумму 200 прошла успешно, время покупки : 2023-06-23 15:58:08.487165, пользователь - 502811372
Бот запущен 2023-06-23 16:00:14.762043
DB_CONNECT
DB_CONNECT
DB_CONNECT
DB_CONNECT
DB_CONNECT
DB_CONNECT
DB_CONNECT
Куплен неиспользуемы ключ id : 329 для пользователя: 16, 2023-06-23 16:01:00.557087
Покупка на сумму 200 прошла успешно, время покупки : 2023-06-23 16:01:00.564603, пользователь - 502811372
DB_CONNECT
Куплен неиспользуемы ключ id : 288 для пользователя: 16, 2023-06-23 16:01:09.902108
Покупка на сумму 900 прошла успешно, время покупки : 2023-06-23 16:01:09.908656, пользователь - 502811372
DB_CONNECT
Куплен неиспользуемы ключ id : 289 для пользователя: 16, 2023-06-23 16:50:42.692219
Покупка на сумму 200 прошла успешно, время покупки : 2023-06-23 16:50:42.705799, пользователь - 502811372
DB_CONNECT
Куплен неиспользуемы ключ id : 290 для пользователя: 16, 2023-06-23 17:10:30.121521
Покупка на сумму 200 прошла успешно, время покупки : 2023-06-23 17:10:30.129884, пользователь - 502811372
DB_CONNECT
Куплен неиспользуемы ключ id : 330 для пользователя: 16, 2023-06-23 17:29:03.927625
Покупка на сумму 900 прошла успешно, время покупки : 2023-06-23 17:29:03.934756, пользователь - 502811372
Бот запущен 2023-06-23 18:04:01.481904
DB_CONNECT
DB_CONNECT
DB_CONNECT
DB_CONNECT
DB_CONNECT
DB_CONNECT
DB_CONNECT
Покупка на сумму 200 прошла успешно, время покупки : 2023-06-23 18:20:06.760155, пользователь - 502811372
Бот запущен 2023-06-23 18:20:33.308248
DB_CONNECT
DB_CONNECT
DB_CONNECT
DB_CONNECT
DB_CONNECT
DB_CONNECT
DB_CONNECT
Покупка на сумму 200 прошла успешно, время покупки : 2023-06-23 18:20:38.015336, пользователь - 502811372
Бот запущен 2023-06-23 18:22:12.086578
DB_CONNECT
DB_CONNECT
DB_CONNECT
DB_CONNECT
DB_CONNECT
DB_CONNECT
DB_CONNECT
Куплен неиспользуемы ключ id : 291 для пользователя: 16, 2023-06-23 18:22:16.483962
Покупка на сумму 200 прошла успешно, время покупки : 2023-06-23 18:22:16.495514, пользователь - 502811372
Бот запущен 2023-06-23 18:24:22.733080
DB_CONNECT
DB_CONNECT
DB_CONNECT
DB_CONNECT
DB_CONNECT
DB_CONNECT
DB_CONNECT
Ошибка при получении ключа из БД id пользователя: 16, время : 2023-06-23 18:24:29.758150, 1064 (42000): You have an error in your SQL syntax; check the manual that corresponds to your MySQL server version for the right syntax to use near '= server_id 1' at line 1
Покупка на сумму 200 прошла успешно, время покупки : 2023-06-23 18:24:29.770518, пользователь - 502811372
Бот запущен 2023-06-23 18:24:59.786422
DB_CONNECT
DB_CONNECT
DB_CONNECT
DB_CONNECT
DB_CONNECT
DB_CONNECT
DB_CONNECT
Куплен неиспользуемы ключ id : 292 для пользователя: 16, время 2023-06-23 18:25:04.794460
Покупка на сумму 200 прошла успешно, время покупки : 2023-06-23 18:25:04.808220, пользователь - 502811372
DB_CONNECT
Куплен неиспользуемы ключ id : 331 для пользователя: 16, время 2023-06-23 18:25:17.303133
Покупка на сумму 350 прошла успешно, время покупки : 2023-06-23 18:25:17.308391, пользователь - 502811372
Бот запущен 2023-06-23 18:26:23.590032
DB_CONNECT
DB_CONNECT
DB_CONNECT
DB_CONNECT
DB_CONNECT
DB_CONNECT
Бот запущен 2023-06-23 19:12:39.439772
DB_CONNECT
DB_CONNECT
DB_CONNECT
DB_CONNECT
DB_CONNECT
DB_CONNECT
DB_CONNECT
DB_CONNECT
DB_CONNECT
DB_CONNECT
Бот запущен 2023-06-25 22:59:18.249722
DB_CONNECT
DB_CONNECT
DB_CONNECT
DB_CONNECT
DB_CONNECT
DB_CONNECT
DB_CONNECT
Куплен неиспользуемы ключ id : 293 для пользователя: 16, время 2023-06-25 22:59:49.213380
Покупка на сумму 200 прошла успешно, время покупки : 2023-06-25 22:59:49.233081, пользователь - 502811372
Бот запущен 2023-06-25 23:00:32.250433
DB_CONNECT
DB_CONNECT
DB_CONNECT
DB_CONNECT
DB_CONNECT
DB_CONNECT
DB_CONNECT
Куплен неиспользуемы ключ id : 294 для пользователя: 16, время 2023-06-25 23:00:46.612414
Покупка на сумму 350 прошла успешно, время покупки : 2023-06-25 23:00:46.623262, пользователь - 502811372
Бот запущен 2023-06-25 23:00:53.488594
DB_CONNECT
DB_CONNECT
DB_CONNECT
DB_CONNECT
DB_CONNECT
DB_CONNECT
DB_CONNECT
Куплен неиспользуемы ключ id : 295 для пользователя: 16, время 2023-06-25 23:15:30.007253
Покупка на сумму 350 прошла успешно, время покупки : 2023-06-25 23:15:30.020180, пользователь - 502811372
Бот запущен 2023-06-26 00:05:30.395115
DB_CONNECT
DB_CONNECT
DB_CONNECT
DB_CONNECT
DB_CONNECT
DB_CONNECT
DB_CONNECT
DB_CONNECT
DB_CONNECT
DB_CONNECT
DB_CONNECT
ключ - 319 удален успешно
Удаление ключей [293]  из базы user_keys данных прошло успешно , 2023-06-26 00:08:56.674587 
Удаление ключей [293] из базы outline_keys данных прошло успешно, время : 2023-06-26 00:08:56.674587 
Бот запущен 2023-06-26 00:12:55.057438
DB_CONNECT
DB_CONNECT
DB_CONNECT
DB_CONNECT
DB_CONNECT
DB_CONNECT
Бот запущен 2023-06-26 00:18:48.075304
DB_CONNECT
DB_CONNECT
DB_CONNECT
DB_CONNECT
DB_CONNECT
DB_CONNECT
Бот запущен 2023-06-26 00:19:01.614286
DB_CONNECT
DB_CONNECT
DB_CONNECT
DB_CONNECT
DB_CONNECT
DB_CONNECT
Бот запущен 2023-06-26 00:20:24.278691
DB_CONNECT
DB_CONNECT
DB_CONNECT
DB_CONNECT
DB_CONNECT
DB_CONNECT
DB_CONNECT
DB_CONNECT
DB_CONNECT
DB_CONNECT
DB_CONNECT
Бот запущен 2023-06-26 00:21:03.413201
DB_CONNECT
DB_CONNECT
DB_CONNECT
DB_CONNECT
DB_CONNECT
DB_CONNECT
Бот запущен 2023-06-26 01:14:33.339828
DB_CONNECT
DB_CONNECT
DB_CONNECT
DB_CONNECT
DB_CONNECT
DB_CONNECT
DB_CONNECT
DB_CONNECT
DB_CONNECT
DB_CONNECT
DB_CONNECT
DB_CONNECT
DB_CONNECT
DB_CONNECT
DB_CONNECT
DB_CONNECT
Бот запущен 2023-06-26 17:28:08.761781
DB_CONNECT
DB_CONNECT
DB_CONNECT
DB_CONNECT
DB_CONNECT
DB_CONNECT
Бот запущен 2023-06-26 17:29:54.287295
DB_CONNECT
DB_CONNECT
DB_CONNECT
DB_CONNECT
DB_CONNECT
DB_CONNECT
Бот запущен 2023-06-26 17:32:42.840044
DB_CONNECT
DB_CONNECT
DB_CONNECT
DB_CONNECT
DB_CONNECT
DB_CONNECT
Бот запущен 2023-06-26 17:33:46.762033
DB_CONNECT
DB_CONNECT
DB_CONNECT
DB_CONNECT
DB_CONNECT
DB_CONNECT
Бот запущен 2023-06-26 17:34:05.621499
DB_CONNECT
DB_CONNECT
DB_CONNECT
DB_CONNECT
DB_CONNECT
DB_CONNECT
Бот запущен 2023-06-26 17:36:44.872478
DB_CONNECT
DB_CONNECT
DB_CONNECT
DB_CONNECT
DB_CONNECT
DB_CONNECT
Бот запущен 2023-06-26 17:45:09.954504
DB_CONNECT
DB_CONNECT
DB_CONNECT
DB_CONNECT
DB_CONNECT
DB_CONNECT
DB_CONNECT
DB_CONNECT
DB_CONNECT
DB_CONNECT
DB_CONNECT
DB_CONNECT
DB_CONNECT
DB_CONNECT
DB_CONNECT
DB_CONNECT
DB_CONNECT
DB_CONNECT
DB_CONNECT
DB_CONNECT
DB_CONNECT
DB_CONNECT
Бот запущен 2023-06-26 17:51:25.198473
DB_CONNECT
DB_CONNECT
DB_CONNECT
DB_CONNECT
DB_CONNECT
DB_CONNECT
Бот запущен 2023-06-26 17:52:24.474109
DB_CONNECT
DB_CONNECT
DB_CONNECT
DB_CONNECT
DB_CONNECT
DB_CONNECT
Бот запущен 2023-06-26 21:33:44.904656
DB_CONNECT
DB_CONNECT
DB_CONNECT
DB_CONNECT
DB_CONNECT
DB_CONNECT
DB_CONNECT
DB_CONNECT
DB_CONNECT
DB_CONNECT
DB_CONNECT
DB_CONNECT
DB_CONNECT
DB_CONNECT
DB_CONNECT
DB_CONNECT
DB_CONNECT
DB_CONNECT
DB_CONNECT
DB_CONNECT
DB_CONNECT
DB_CONNECT
Куплен неиспользуемы ключ id : 296 для пользователя: 16, время 2023-06-26 21:34:50.380575
Покупка на сумму 200 прошла успешно, время покупки : 2023-06-26 21:34:50.390840, пользователь - 502811372
DB_CONNECT
Куплен неиспользуемы ключ id : 297 для пользователя: 16, время 2023-06-26 21:35:02.011280
Покупка на сумму 200 прошла успешно, время покупки : 2023-06-26 21:35:02.017901, пользователь - 502811372
Бот запущен 2023-06-26 21:36:24.060787
DB_CONNECT
DB_CONNECT
DB_CONNECT
DB_CONNECT
DB_CONNECT
DB_CONNECT
Бот запущен 2023-06-26 21:36:39.315923
DB_CONNECT
DB_CONNECT
DB_CONNECT
DB_CONNECT
DB_CONNECT
DB_CONNECT
DB_CONNECT
Куплен неиспользуемы ключ id : 332 для пользователя: 16, время 2023-06-26 21:36:49.364930
Покупка на сумму 200 прошла успешно, время покупки : 2023-06-26 21:36:49.370407, пользователь - 502811372
Бот запущен 2023-06-26 21:43:12.500389
DB_CONNECT
DB_CONNECT
DB_CONNECT
DB_CONNECT
DB_CONNECT
DB_CONNECT
DB_CONNECT
Куплен неиспользуемы ключ id : 333 для пользователя: 16, время 2023-06-26 21:43:21.360027
Покупка на сумму 200 прошла успешно, время покупки : 2023-06-26 21:43:21.368393, пользователь - 502811372
Бот запущен 2023-06-26 21:44:11.700955
DB_CONNECT
DB_CONNECT
DB_CONNECT
DB_CONNECT
DB_CONNECT
DB_CONNECT
DB_CONNECT
Куплен неиспользуемы ключ id : 334 для пользователя: 16, время 2023-06-26 21:44:17.037904
Покупка на сумму 200 прошла успешно, время покупки : 2023-06-26 21:44:17.046705, пользователь - 502811372
Бот запущен 2023-06-26 21:44:46.305097
DB_CONNECT
DB_CONNECT
DB_CONNECT
DB_CONNECT
DB_CONNECT
DB_CONNECT
DB_CONNECT
Куплен неиспользуемы ключ id : 335 для пользователя: 16, время 2023-06-26 21:44:54.116214
Покупка на сумму 200 прошла успешно, время покупки : 2023-06-26 21:44:54.123727, пользователь - 502811372
DB_CONNECT
Куплен неиспользуемы ключ id : 336 для пользователя: 16, время 2023-06-26 21:45:00.543189
Покупка на сумму 200 прошла успешно, время покупки : 2023-06-26 21:45:00.555204, пользователь - 502811372
Бот запущен 2023-06-26 21:55:58.664203
DB_CONNECT
DB_CONNECT
DB_CONNECT
DB_CONNECT
DB_CONNECT
DB_CONNECT
DB_CONNECT
Куплен неиспользуемы ключ id : 337 для пользователя: 16, время 2023-06-26 21:56:09.380572
Покупка на сумму 200 прошла успешно, время покупки : 2023-06-26 21:56:09.394735, пользователь - 502811372
Бот запущен 2023-06-26 21:58:49.777592
DB_CONNECT
DB_CONNECT
DB_CONNECT
DB_CONNECT
DB_CONNECT
DB_CONNECT
Бот запущен 2023-06-26 22:00:47.685597
DB_CONNECT
DB_CONNECT
DB_CONNECT
DB_CONNECT
DB_CONNECT
DB_CONNECT
Бот запущен 2023-06-26 22:03:13.498229
DB_CONNECT
DB_CONNECT
DB_CONNECT
DB_CONNECT
DB_CONNECT
DB_CONNECT
Бот запущен 2023-06-26 22:04:14.797223
DB_CONNECT
DB_CONNECT
DB_CONNECT
DB_CONNECT
DB_CONNECT
DB_CONNECT
Бот запущен 2023-06-26 22:05:10.915716
DB_CONNECT
DB_CONNECT
DB_CONNECT
DB_CONNECT
DB_CONNECT
DB_CONNECT
Бот запущен 2023-06-26 22:11:05.092157
DB_CONNECT
DB_CONNECT
DB_CONNECT
DB_CONNECT
DB_CONNECT
DB_CONNECT
Бот запущен 2023-06-26 22:15:25.583603
DB_CONNECT
DB_CONNECT
DB_CONNECT
DB_CONNECT
DB_CONNECT
DB_CONNECT
